2025-04-04 06:03:28.328637 - Received CBT.V508.FILE207.PDS from FILE207.XMI 
2025-04-04 06:03:28.329861 - Found $$$#DATE.txt (text/plain) in CBT.V508.FILE207.PDS, moved to PDS/$$$#DATE
2025-04-04 06:03:28.329999 - Found $INSTALL.jcl (text/plain) in CBT.V508.FILE207.PDS, moved to PDS/$INSTALL
2025-04-04 06:03:28.330131 - Found $INSTZOS.jcl (text/plain) in CBT.V508.FILE207.PDS, moved to PDS/$INSTZOS
2025-04-04 06:03:28.330287 - Found $README.txt (text/plain) in CBT.V508.FILE207.PDS, moved to PDS/$README
2025-04-04 06:03:28.330415 - Found @FILE207.txt (text/plain) in CBT.V508.FILE207.PDS, moved to PDS/@FILE207
2025-04-04 06:03:28.330567 - Found FSE.txt (text/plain) in CBT.V508.FILE207.PDS, moved to PDS/FSE
2025-04-04 06:03:28.330695 - Found FSEATTR.txt (text/plain) in CBT.V508.FILE207.PDS, moved to PDS/FSEATTR
2025-04-04 06:03:28.330861 - Found FSECHANG.txt (text/plain) in CBT.V508.FILE207.PDS, moved to PDS/FSECHANG
2025-04-04 06:03:28.330979 - Found FSEFREE.txt (text/plain) in CBT.V508.FILE207.PDS, moved to PDS/FSEFREE
2025-04-04 06:03:28.331179 - Found FSEHELP.txt (text/plain) in CBT.V508.FILE207.PDS, moved to PDS/FSEHELP
2025-04-04 06:03:28.331303 - Found FSEPFKEY.txt (text/plain) in CBT.V508.FILE207.PDS, moved to PDS/FSEPFKEY
2025-04-04 06:03:28.331424 - Found FSEPRTY.txt (text/plain) in CBT.V508.FILE207.PDS, moved to PDS/FSEPRTY
2025-04-04 06:03:28.331548 - Found FSESAVE.txt (text/plain) in CBT.V508.FILE207.PDS, moved to PDS/FSESAVE
2025-04-04 06:03:28.331668 - Found FSESYSCD.txt (text/plain) in CBT.V508.FILE207.PDS, moved to PDS/FSESYSCD
2025-04-04 06:03:28.331800 - Found FSETSO.txt (text/plain) in CBT.V508.FILE207.PDS, moved to PDS/FSETSO
2025-04-04 06:03:28.331916 - Found IGC0024H.txt (text/plain) in CBT.V508.FILE207.PDS, moved to PDS/IGC0024H
2025-04-04 06:03:28.332033 - Found JCLRECV.jcl (text/plain) in CBT.V508.FILE207.PDS, moved to PDS/JCLRECV
2025-04-04 06:03:28.332163 - Found LOADLIB.xmi (application/xmit) in CBT.V508.FILE207.PDS, moved to PDS/LOADLIB.xmi
2025-04-04 06:03:28.347641 - Received FSE.LINKLIB from LOADLIB.xmi 
2025-04-04 06:03:28.348126 - Found FSE.bin (application/octet-stream) in FSE.LINKLIB, moved to LOADLIB/FSE
2025-04-04 06:03:28.348265 - Found FSEATTR.bin (application/octet-stream) in FSE.LINKLIB, moved to LOADLIB/FSEATTR
2025-04-04 06:03:28.348395 - Found FSECHANG.bin (application/octet-stream) in FSE.LINKLIB, moved to LOADLIB/FSECHANG
2025-04-04 06:03:28.348510 - Found FSEFREE.bin (application/octet-stream) in FSE.LINKLIB, moved to LOADLIB/FSEFREE
2025-04-04 06:03:28.348636 - Found FSEPFKEY.bin (application/octet-stream) in FSE.LINKLIB, moved to LOADLIB/FSEPFKEY
2025-04-04 06:03:28.348750 - Found FSEPRTY.bin (application/octet-stream) in FSE.LINKLIB, moved to LOADLIB/FSEPRTY
2025-04-04 06:03:28.348871 - Found FSESAVE.bin (application/octet-stream) in FSE.LINKLIB, moved to LOADLIB/FSESAVE
2025-04-04 06:03:28.348984 - Found FSESYSCD.bin (application/octet-stream) in FSE.LINKLIB, moved to LOADLIB/FSESYSCD
2025-04-04 06:03:28.349092 - Found FSETSO.bin (application/octet-stream) in FSE.LINKLIB, moved to LOADLIB/FSETSO
2025-04-04 06:03:28.349706 - Found OLDF207.xmi (application/xmit) in CBT.V508.FILE207.PDS, moved to PDS/OLDF207.xmi
2025-04-04 06:03:28.530775 - Received CBT.CBT505.FILE207.PDS from OLDF207.xmi 
2025-04-04 06:03:28.531453 - Found $$$#DATE.txt (text/plain) in CBT.CBT505.FILE207.PDS, moved to OLDF207/$$$#DATE
2025-04-04 06:03:28.531596 - Found @FILE207.txt (text/plain) in CBT.CBT505.FILE207.PDS, moved to OLDF207/@FILE207
2025-04-04 06:03:28.531751 - Found FSE.txt (text/plain) in CBT.CBT505.FILE207.PDS, moved to OLDF207/FSE
2025-04-04 06:03:28.531889 - Found FSEATTR.txt (text/plain) in CBT.CBT505.FILE207.PDS, moved to OLDF207/FSEATTR
2025-04-04 06:03:28.532029 - Found FSECHANG.txt (text/plain) in CBT.CBT505.FILE207.PDS, moved to OLDF207/FSECHANG
2025-04-04 06:03:28.532148 - Found FSEFREE.txt (text/plain) in CBT.CBT505.FILE207.PDS, moved to OLDF207/FSEFREE
2025-04-04 06:03:28.532313 - Found FSEHELP.txt (text/plain) in CBT.CBT505.FILE207.PDS, moved to OLDF207/FSEHELP
2025-04-04 06:03:28.532432 - Found FSEPFKEY.txt (text/plain) in CBT.CBT505.FILE207.PDS, moved to OLDF207/FSEPFKEY
2025-04-04 06:03:28.532545 - Found FSEPRTY.txt (text/plain) in CBT.CBT505.FILE207.PDS, moved to OLDF207/FSEPRTY
2025-04-04 06:03:28.532673 - Found FSESAVE.txt (text/plain) in CBT.CBT505.FILE207.PDS, moved to OLDF207/FSESAVE
2025-04-04 06:03:28.532804 - Found FSESYSCD.txt (text/plain) in CBT.CBT505.FILE207.PDS, moved to OLDF207/FSESYSCD
2025-04-04 06:03:28.532919 - Found FSETSO.txt (text/plain) in CBT.CBT505.FILE207.PDS, moved to OLDF207/FSETSO
2025-04-04 06:03:28.533036 - Found IGC0024H.txt (text/plain) in CBT.CBT505.FILE207.PDS, moved to OLDF207/IGC0024H
2025-04-04 06:03:28.533162 - Found INSTALL.txt (text/plain) in CBT.CBT505.FILE207.PDS, moved to OLDF207/INSTALL
2025-04-04 06:03:28.533890 - Found TCMD.txt (text/plain) in CBT.V508.FILE207.PDS, moved to PDS/TCMD
2025-04-04 06:03:28.534028 - Found TFVERI.txt (text/plain) in CBT.V508.FILE207.PDS, moved to PDS/TFVERI
2025-04-04 06:03:28.534146 - Found TRT3270.txt (text/plain) in CBT.V508.FILE207.PDS, moved to PDS/TRT3270
2025-04-04 06:03:28.534272 - Found TSBA.txt (text/plain) in CBT.V508.FILE207.PDS, moved to PDS/TSBA
2025-04-04 06:03:28.534389 - Found TWCC.txt (text/plain) in CBT.V508.FILE207.PDS, moved to PDS/TWCC
